01:06:37: [INFO] [/Users/everest/warg_autonomy_onboarding/autonomy-bootcamp-2025-p2/modules/common/modules/logger/logger_main_setup.py | setup_main_logger | 62] main logger initialized
01:06:37: [INFO] [/Users/everest/warg_autonomy_onboarding/autonomy-bootcamp-2025-p2/tests/integration/test_telemetry.py | main | 116] Connected!
01:06:37: [INFO] [/Users/everest/warg_autonomy_onboarding/autonomy-bootcamp-2025-p2/tests/integration/test_telemetry.py | read_queue | 72] Telemetry: {
            time_since_boot: 0,
            x: 0.0,
            y: 0.0,
            z: 0.0,
            x_velocity: 1.0,
            y_velocity: 0.0,
            z_velocity: 0.0,
            roll: 0.0,
            pitch: 0.0,
            yaw: 0.0,
            roll_speed: 0.0,
            pitch_speed: 0.0,
            yaw_speed: 3.1415927410125732
        }
01:06:38: [INFO] [/Users/everest/warg_autonomy_onboarding/autonomy-bootcamp-2025-p2/tests/integration/test_telemetry.py | read_queue | 72] Telemetry: {
            time_since_boot: 500,
            x: 0.5,
            y: 0.0,
            z: 0.0,
            x_velocity: 1.0,
            y_velocity: 0.0,
            z_velocity: 0.0,
            roll: 0.0,
            pitch: 0.0,
            yaw: 1.0471975803375244,
            roll_speed: 0.0,
            pitch_speed: 0.0,
            yaw_speed: 3.1415927410125732
        }
01:06:38: [INFO] [/Users/everest/warg_autonomy_onboarding/autonomy-bootcamp-2025-p2/tests/integration/test_telemetry.py | read_queue | 72] Telemetry: {
            time_since_boot: 1000,
            x: 1.0,
            y: 0.0,
            z: 0.0,
            x_velocity: 1.0,
            y_velocity: 0.0,
            z_velocity: 0.0,
            roll: 0.0,
            pitch: 0.0,
            yaw: 3.1415927410125732,
            roll_speed: 0.0,
            pitch_speed: 0.0,
            yaw_speed: 3.1415927410125732
        }
01:06:39: [INFO] [/Users/everest/warg_autonomy_onboarding/autonomy-bootcamp-2025-p2/tests/integration/test_telemetry.py | read_queue | 72] Telemetry: {
            time_since_boot: 1500,
            x: 1.5,
            y: 0.0,
            z: 0.0,
            x_velocity: 1.0,
            y_velocity: 0.0,
            z_velocity: 0.0,
            roll: 0.0,
            pitch: 0.0,
            yaw: -2.094395160675049,
            roll_speed: 0.0,
            pitch_speed: 0.0,
            yaw_speed: 3.1415927410125732
        }
01:06:39: [INFO] [/Users/everest/warg_autonomy_onboarding/autonomy-bootcamp-2025-p2/tests/integration/test_telemetry.py | read_queue | 72] Telemetry: {
            time_since_boot: 2000,
            x: 2.0,
            y: 0.0,
            z: 0.0,
            x_velocity: 1.0,
            y_velocity: 0.0,
            z_velocity: 0.0,
            roll: 0.0,
            pitch: 0.0,
            yaw: 0.0,
            roll_speed: 0.0,
            pitch_speed: 0.0,
            yaw_speed: 3.1415927410125732
        }
01:06:40: [INFO] [/Users/everest/warg_autonomy_onboarding/autonomy-bootcamp-2025-p2/tests/integration/test_telemetry.py | read_queue | 72] Telemetry: {
            time_since_boot: 2500,
            x: 2.5,
            y: 0.0,
            z: 0.0,
            x_velocity: 1.0,
            y_velocity: 0.0,
            z_velocity: 0.0,
            roll: 0.0,
            pitch: 0.0,
            yaw: 1.0471975803375244,
            roll_speed: 0.0,
            pitch_speed: 0.0,
            yaw_speed: 3.1415927410125732
        }
01:06:40: [INFO] [/Users/everest/warg_autonomy_onboarding/autonomy-bootcamp-2025-p2/tests/integration/test_telemetry.py | read_queue | 72] Telemetry: {
            time_since_boot: 3000,
            x: 3.0,
            y: 0.0,
            z: 0.0,
            x_velocity: 1.0,
            y_velocity: 0.0,
            z_velocity: 0.0,
            roll: 0.0,
            pitch: 0.0,
            yaw: 3.1415927410125732,
            roll_speed: 0.0,
            pitch_speed: 0.0,
            yaw_speed: 3.1415927410125732
        }
01:06:41: [INFO] [/Users/everest/warg_autonomy_onboarding/autonomy-bootcamp-2025-p2/tests/integration/test_telemetry.py | read_queue | 72] Telemetry: {
            time_since_boot: 3500,
            x: 3.5,
            y: 0.0,
            z: 0.0,
            x_velocity: 1.0,
            y_velocity: 0.0,
            z_velocity: 0.0,
            roll: 0.0,
            pitch: 0.0,
            yaw: -2.094395160675049,
            roll_speed: 0.0,
            pitch_speed: 0.0,
            yaw_speed: 3.1415927410125732
        }
01:06:41: [INFO] [/Users/everest/warg_autonomy_onboarding/autonomy-bootcamp-2025-p2/tests/integration/test_telemetry.py | read_queue | 72] Telemetry: {
            time_since_boot: 4000,
            x: 4.0,
            y: 0.0,
            z: 0.0,
            x_velocity: 1.0,
            y_velocity: 0.0,
            z_velocity: 0.0,
            roll: 0.0,
            pitch: 0.0,
            yaw: 0.0,
            roll_speed: 0.0,
            pitch_speed: 0.0,
            yaw_speed: 3.1415927410125732
        }
01:06:42: [INFO] [/Users/everest/warg_autonomy_onboarding/autonomy-bootcamp-2025-p2/tests/integration/test_telemetry.py | read_queue | 72] Telemetry: {
            time_since_boot: 4500,
            x: 4.5,
            y: 0.0,
            z: 0.0,
            x_velocity: 1.0,
            y_velocity: 0.0,
            z_velocity: 0.0,
            roll: 0.0,
            pitch: 0.0,
            yaw: 1.0471975803375244,
            roll_speed: 0.0,
            pitch_speed: 0.0,
            yaw_speed: 3.1415927410125732
        }
