01:09:28: [INFO] [/Users/everest/warg_autonomy_onboarding/autonomy-bootcamp-2025-p2/modules/common/modules/logger/logger_main_setup.py | setup_main_logger | 62] main logger initialized
01:09:28: [INFO] [/Users/everest/warg_autonomy_onboarding/autonomy-bootcamp-2025-p2/tests/integration/test_telemetry.py | main | 116] Connected!
01:09:28: [INFO] [/Users/everest/warg_autonomy_onboarding/autonomy-bootcamp-2025-p2/tests/integration/test_telemetry.py | read_queue | 72] Telemetry: {
            time_since_boot: 0,
            x: 0.0,
            y: 0.0,
            z: 0.0,
            x_velocity: 1.0,
            y_velocity: 0.0,
            z_velocity: 0.0,
            roll: 0.0,
            pitch: 0.0,
            yaw: 0.0,
            roll_speed: 0.0,
            pitch_speed: 0.0,
            yaw_speed: 3.1415927410125732
        }
01:09:28: [INFO] [/Users/everest/warg_autonomy_onboarding/autonomy-bootcamp-2025-p2/tests/integration/test_telemetry.py | read_queue | 72] Telemetry: {
            time_since_boot: 500,
            x: 0.5,
            y: 0.0,
            z: 0.0,
            x_velocity: 1.0,
            y_velocity: 0.0,
            z_velocity: 0.0,
            roll: 0.0,
            pitch: 0.0,
            yaw: 1.0471975803375244,
            roll_speed: 0.0,
            pitch_speed: 0.0,
            yaw_speed: 3.1415927410125732
        }
01:09:29: [INFO] [/Users/everest/warg_autonomy_onboarding/autonomy-bootcamp-2025-p2/tests/integration/test_telemetry.py | read_queue | 72] Telemetry: {
            time_since_boot: 1000,
            x: 1.0,
            y: 0.0,
            z: 0.0,
            x_velocity: 1.0,
            y_velocity: 0.0,
            z_velocity: 0.0,
            roll: 0.0,
            pitch: 0.0,
            yaw: 3.1415927410125732,
            roll_speed: 0.0,
            pitch_speed: 0.0,
            yaw_speed: 3.1415927410125732
        }
01:09:29: [INFO] [/Users/everest/warg_autonomy_onboarding/autonomy-bootcamp-2025-p2/tests/integration/test_telemetry.py | read_queue | 72] Telemetry: {
            time_since_boot: 1500,
            x: 1.5,
            y: 0.0,
            z: 0.0,
            x_velocity: 1.0,
            y_velocity: 0.0,
            z_velocity: 0.0,
            roll: 0.0,
            pitch: 0.0,
            yaw: -2.094395160675049,
            roll_speed: 0.0,
            pitch_speed: 0.0,
            yaw_speed: 3.1415927410125732
        }
01:09:30: [INFO] [/Users/everest/warg_autonomy_onboarding/autonomy-bootcamp-2025-p2/tests/integration/test_telemetry.py | read_queue | 72] Telemetry: {
            time_since_boot: 2000,
            x: 2.0,
            y: 0.0,
            z: 0.0,
            x_velocity: 1.0,
            y_velocity: 0.0,
            z_velocity: 0.0,
            roll: 0.0,
            pitch: 0.0,
            yaw: 0.0,
            roll_speed: 0.0,
            pitch_speed: 0.0,
            yaw_speed: 3.1415927410125732
        }
01:09:30: [INFO] [/Users/everest/warg_autonomy_onboarding/autonomy-bootcamp-2025-p2/tests/integration/test_telemetry.py | read_queue | 72] Telemetry: {
            time_since_boot: 2500,
            x: 2.5,
            y: 0.0,
            z: 0.0,
            x_velocity: 1.0,
            y_velocity: 0.0,
            z_velocity: 0.0,
            roll: 0.0,
            pitch: 0.0,
            yaw: 1.0471975803375244,
            roll_speed: 0.0,
            pitch_speed: 0.0,
            yaw_speed: 3.1415927410125732
        }
01:09:31: [INFO] [/Users/everest/warg_autonomy_onboarding/autonomy-bootcamp-2025-p2/tests/integration/test_telemetry.py | read_queue | 72] Telemetry: {
            time_since_boot: 3000,
            x: 3.0,
            y: 0.0,
            z: 0.0,
            x_velocity: 1.0,
            y_velocity: 0.0,
            z_velocity: 0.0,
            roll: 0.0,
            pitch: 0.0,
            yaw: 3.1415927410125732,
            roll_speed: 0.0,
            pitch_speed: 0.0,
            yaw_speed: 3.1415927410125732
        }
01:09:31: [INFO] [/Users/everest/warg_autonomy_onboarding/autonomy-bootcamp-2025-p2/tests/integration/test_telemetry.py | read_queue | 72] Telemetry: {
            time_since_boot: 3500,
            x: 3.5,
            y: 0.0,
            z: 0.0,
            x_velocity: 1.0,
            y_velocity: 0.0,
            z_velocity: 0.0,
            roll: 0.0,
            pitch: 0.0,
            yaw: -2.094395160675049,
            roll_speed: 0.0,
            pitch_speed: 0.0,
            yaw_speed: 3.1415927410125732
        }
01:09:32: [INFO] [/Users/everest/warg_autonomy_onboarding/autonomy-bootcamp-2025-p2/tests/integration/test_telemetry.py | read_queue | 72] Telemetry: {
            time_since_boot: 4000,
            x: 4.0,
            y: 0.0,
            z: 0.0,
            x_velocity: 1.0,
            y_velocity: 0.0,
            z_velocity: 0.0,
            roll: 0.0,
            pitch: 0.0,
            yaw: 0.0,
            roll_speed: 0.0,
            pitch_speed: 0.0,
            yaw_speed: 3.1415927410125732
        }
01:09:32: [INFO] [/Users/everest/warg_autonomy_onboarding/autonomy-bootcamp-2025-p2/tests/integration/test_telemetry.py | read_queue | 72] Telemetry: {
            time_since_boot: 4500,
            x: 4.5,
            y: 0.0,
            z: 0.0,
            x_velocity: 1.0,
            y_velocity: 0.0,
            z_velocity: 0.0,
            roll: 0.0,
            pitch: 0.0,
            yaw: 1.0471975803375244,
            roll_speed: 0.0,
            pitch_speed: 0.0,
            yaw_speed: 3.1415927410125732
        }
01:09:36: [INFO] [/Users/everest/warg_autonomy_onboarding/autonomy-bootcamp-2025-p2/tests/integration/test_telemetry.py | read_queue | 72] Telemetry: {
            time_since_boot: 0,
            x: 0.0,
            y: 0.0,
            z: 0.0,
            x_velocity: 1.0,
            y_velocity: 0.0,
            z_velocity: 0.0,
            roll: 0.0,
            pitch: 0.0,
            yaw: 0.0,
            roll_speed: 0.0,
            pitch_speed: 0.0,
            yaw_speed: 3.1415927410125732
        }
01:09:36: [INFO] [/Users/everest/warg_autonomy_onboarding/autonomy-bootcamp-2025-p2/tests/integration/test_telemetry.py | read_queue | 72] Telemetry: {
            time_since_boot: 500,
            x: 0.3333333432674408,
            y: 0.0,
            z: 0.0,
            x_velocity: 1.0,
            y_velocity: 0.0,
            z_velocity: 0.0,
            roll: 0.0,
            pitch: 0.0,
            yaw: 1.5707963705062866,
            roll_speed: 0.0,
            pitch_speed: 0.0,
            yaw_speed: 3.1415927410125732
        }
01:09:37: [INFO] [/Users/everest/warg_autonomy_onboarding/autonomy-bootcamp-2025-p2/tests/integration/test_telemetry.py | read_queue | 72] Telemetry: {
            time_since_boot: 1000,
            x: 0.6666666865348816,
            y: 0.0,
            z: 0.0,
            x_velocity: 1.0,
            y_velocity: 0.0,
            z_velocity: 0.0,
            roll: 0.0,
            pitch: 0.0,
            yaw: 3.1415927410125732,
            roll_speed: 0.0,
            pitch_speed: 0.0,
            yaw_speed: 3.1415927410125732
        }
01:09:37: [INFO] [/Users/everest/warg_autonomy_onboarding/autonomy-bootcamp-2025-p2/tests/integration/test_telemetry.py | read_queue | 72] Telemetry: {
            time_since_boot: 1500,
            x: 1.3333333730697632,
            y: 0.0,
            z: 0.0,
            x_velocity: 1.0,
            y_velocity: 0.0,
            z_velocity: 0.0,
            roll: 0.0,
            pitch: 0.0,
            yaw: -1.5707963705062866,
            roll_speed: 0.0,
            pitch_speed: 0.0,
            yaw_speed: 3.1415927410125732
        }
01:09:38: [INFO] [/Users/everest/warg_autonomy_onboarding/autonomy-bootcamp-2025-p2/tests/integration/test_telemetry.py | read_queue | 72] Telemetry: {
            time_since_boot: 2000,
            x: 1.6666666269302368,
            y: 0.0,
            z: 0.0,
            x_velocity: 1.0,
            y_velocity: 0.0,
            z_velocity: 0.0,
            roll: 0.0,
            pitch: 0.0,
            yaw: 0.0,
            roll_speed: 0.0,
            pitch_speed: 0.0,
            yaw_speed: 3.1415927410125732
        }
01:09:38: [INFO] [/Users/everest/warg_autonomy_onboarding/autonomy-bootcamp-2025-p2/tests/integration/test_telemetry.py | read_queue | 72] Telemetry: {
            time_since_boot: 2500,
            x: 2.3333332538604736,
            y: 0.0,
            z: 0.0,
            x_velocity: 1.0,
            y_velocity: 0.0,
            z_velocity: 0.0,
            roll: 0.0,
            pitch: 0.0,
            yaw: 1.5707963705062866,
            roll_speed: 0.0,
            pitch_speed: 0.0,
            yaw_speed: 3.1415927410125732
        }
01:09:39: [INFO] [/Users/everest/warg_autonomy_onboarding/autonomy-bootcamp-2025-p2/tests/integration/test_telemetry.py | read_queue | 72] Telemetry: {
            time_since_boot: 3000,
            x: 2.6666667461395264,
            y: 0.0,
            z: 0.0,
            x_velocity: 1.0,
            y_velocity: 0.0,
            z_velocity: 0.0,
            roll: 0.0,
            pitch: 0.0,
            yaw: 3.1415927410125732,
            roll_speed: 0.0,
            pitch_speed: 0.0,
            yaw_speed: 3.1415927410125732
        }
01:09:39: [INFO] [/Users/everest/warg_autonomy_onboarding/autonomy-bootcamp-2025-p2/tests/integration/test_telemetry.py | read_queue | 72] Telemetry: {
            time_since_boot: 3500,
            x: 3.3333332538604736,
            y: 0.0,
            z: 0.0,
            x_velocity: 1.0,
            y_velocity: 0.0,
            z_velocity: 0.0,
            roll: 0.0,
            pitch: 0.0,
            yaw: -1.5707963705062866,
            roll_speed: 0.0,
            pitch_speed: 0.0,
            yaw_speed: 3.1415927410125732
        }
01:09:40: [INFO] [/Users/everest/warg_autonomy_onboarding/autonomy-bootcamp-2025-p2/tests/integration/test_telemetry.py | read_queue | 72] Telemetry: {
            time_since_boot: 4000,
            x: 3.6666667461395264,
            y: 0.0,
            z: 0.0,
            x_velocity: 1.0,
            y_velocity: 0.0,
            z_velocity: 0.0,
            roll: 0.0,
            pitch: 0.0,
            yaw: 0.0,
            roll_speed: 0.0,
            pitch_speed: 0.0,
            yaw_speed: 3.1415927410125732
        }
01:09:40: [INFO] [/Users/everest/warg_autonomy_onboarding/autonomy-bootcamp-2025-p2/tests/integration/test_telemetry.py | read_queue | 72] Telemetry: {
            time_since_boot: 4500,
            x: 4.333333492279053,
            y: 0.0,
            z: 0.0,
            x_velocity: 1.0,
            y_velocity: 0.0,
            z_velocity: 0.0,
            roll: 0.0,
            pitch: 0.0,
            yaw: 1.5707963705062866,
            roll_speed: 0.0,
            pitch_speed: 0.0,
            yaw_speed: 3.1415927410125732
        }
